[22:29:15] [main/INFO]: Loading Minecraft 1.20.6 with Fabric Loader 0.16.0
[22:29:15] [main/INFO]: Loading 4 mods:
	- fabricloader 0.16.0
	   \-- mixinextras 0.4.0
	- java 21
	- minecraft 1.20.6
[22:29:15] [main/INFO]: SpongePowered MIXIN Subsystem Version=0.8.7 Source=file:/workspaces/Host/servidor_minecraft/libraries/net/fabricmc/sponge-mixin/0.15.0+mixin.0.8.7/sponge-mixin-0.15.0+mixin.0.8.7.jar Service=Knot/Fabric Env=SERVER
[22:29:21] [main/INFO]: Environment: Environment[sessionHost=https://sessionserver.mojang.com, servicesHost=https://api.minecraftservices.com, name=PROD]
[22:29:23] [main/INFO]: Loaded 1175 recipes
[22:29:23] [main/INFO]: Loaded 1276 advancements
[22:29:24] [Server thread/INFO]: Starting minecraft server version 1.20.6
[22:29:24] [Server thread/INFO]: Loading properties
[22:29:24] [Server thread/INFO]: Default game type: SURVIVAL
[22:29:24] [Server thread/INFO]: Generating keypair
[22:29:24] [Server thread/INFO]: Starting Minecraft server on *:25565
[22:29:24] [Server thread/INFO]: Using epoll channel type
[22:29:24] [Server thread/WARN]: **** SERVER IS RUNNING IN OFFLINE/INSECURE MODE!
[22:29:24] [Server thread/WARN]: The server will make no attempt to authenticate usernames. Beware.
[22:29:24] [Server thread/WARN]: While this makes the game possible to play without internet access, it also opens up the ability for hackers to connect with any username they choose.
[22:29:24] [Server thread/WARN]: To change this, set "online-mode" to "true" in the server.properties file.
[22:29:24] [Server thread/INFO]: Preparing level "world"
[22:29:26] [Server thread/INFO]: Preparing start region for dimension minecraft:overworld
[22:29:28] [Worker-Main-1/INFO]: Preparing spawn area: 0%
[22:29:28] [Worker-Main-2/INFO]: Preparing spawn area: 0%
[22:29:28] [Worker-Main-2/INFO]: Preparing spawn area: 0%
[22:29:28] [Worker-Main-2/INFO]: Preparing spawn area: 0%
[22:29:28] [Server thread/INFO]: Time elapsed: 1763 ms
[22:29:28] [Server thread/INFO]: Done (4.248s)! For help, type "help"
[22:30:31] [Server thread/INFO]: Aaron_1602[/127.42.73.160:51027] logged in with entity id 2 at (1680.300000011921, 231.0, 255.46274392000487)
[22:30:31] [Server thread/INFO]: Aaron_1602 joined the game
[22:31:08] [Server thread/INFO]: Aaron_1602 lost connection: Disconnected
[22:31:08] [Server thread/INFO]: Aaron_1602 left the game
[22:31:14] [Server thread/INFO]: Stopping the server
[22:31:14] [Server thread/INFO]: Stopping server
[22:31:14] [Server thread/INFO]: Saving players
[22:31:14] [Server thread/INFO]: Saving worlds
[22:31:14] [Server thread/INFO]: Saving chunks for level 'ServerLevel[world]'/minecraft:overworld
[22:31:14] [Server thread/INFO]: Saving chunks for level 'ServerLevel[world]'/minecraft:the_nether
[22:31:14] [Server thread/INFO]: Saving chunks for level 'ServerLevel[world]'/minecraft:the_end
[22:31:14] [Server thread/INFO]: ThreadedAnvilChunkStorage (world): All chunks are saved
[22:31:14] [Server thread/INFO]: ThreadedAnvilChunkStorage (DIM-1): All chunks are saved
[22:31:14] [Server thread/INFO]: ThreadedAnvilChunkStorage (DIM1): All chunks are saved
[22:31:14] [Server thread/INFO]: ThreadedAnvilChunkStorage: All dimensions are saved
